<?xml version="1.0" encoding="UTF-8"?>
<!-- Generated by org.testng.reporters.JUnitXMLReporter -->
<testsuite ignored="0" hostname="HbpSoft" failures="0" tests="3" name="Default test" time="39.806" errors="0" timestamp="2024-03-21T17:43:44 IST">
  <testcase classname="com.apollo2.apollo2_Homepage.Uploadfile_search" name="login" time="10.533"/>
  <testcase classname="com.apollo2.apollo2_Homepage.Uploadfile_search" name="uploadImage" time="21.216"/>
  <testcase classname="com.apollo2.apollo2_Homepage.Uploadfile_search" name="testExtract" time="7.081"/>
</testsuite> <!-- Default test -->
