<?xml version="1.0" encoding="UTF-8"?>
<!-- Generated by org.testng.reporters.JUnitXMLReporter -->
<testsuite ignored="0" hostname="HbpSoft" failures="0" tests="9" name="Default test" time="184.412" errors="0" timestamp="2024-03-04T10:06:34 IST">
  <testcase classname="com.apollo2.apollo2_Homepage.sanitytesting" name="testSanity" time="2.614"/>
  <testcase classname="com.apollo2.apollo2_Homepage.sanitytesting" name="homepagecontent" time="1.036"/>
  <testcase classname="com.apollo2.apollo2_Homepage.sanitytesting" name="homepagePeople" time="63.573"/>
  <testcase classname="com.apollo2.apollo2_Homepage.sanitytesting" name="homepagehighlights" time="27.352"/>
  <testcase classname="com.apollo2.apollo2_Homepage.sanitytesting" name="Dataportal" time="6.766"/>
  <testcase classname="com.apollo2.apollo2_Homepage.sanitytesting" name="Homenewsandevents" time="9.698"/>
  <testcase classname="com.apollo2.apollo2_Homepage.sanitytesting" name="Homecareer" time="50.366"/>
  <testcase classname="com.apollo2.apollo2_Homepage.sanitytesting" name="homegallery" time="8.439"/>
  <testcase classname="com.apollo2.apollo2_Homepage.sanitytesting" name="Homecontacts" time="13.567"/>
</testsuite> <!-- Default test -->
