<?xml version="1.0" encoding="UTF-8"?>
<testng-results ignored="0" total="10" passed="10" failed="0" skipped="0">
  <reporter-output>
  </reporter-output>
  <suite started-at="2024-03-05T16:20:25 IST" name="Default suite" finished-at="2024-03-05T16:24:05 IST" duration-ms="219758">
    <groups>
    </groups>
    <test started-at="2024-03-05T16:20:25 IST" name="Default test" finished-at="2024-03-05T16:24:05 IST" duration-ms="219758">
      <class name="com.apollo2.apollo2_Homepage.RandD_link">
        <test-method is-config="true" signature="setup()[pri:0, instance:com.apollo2.apollo2_Homepage.RandD_link@36916eb0]" started-at="2024-03-05T16:20:25 IST" name="setup" finished-at="2024-03-05T16:20:26 IST" duration-ms="627" status="PASS">
          <reporter-output>
          </reporter-output>
        </test-method> <!-- setup -->
        <test-method signature="launch()[pri:1, instance:com.apollo2.apollo2_Homepage.RandD_link@36916eb0]" started-at="2024-03-05T16:20:26 IST" name="launch" finished-at="2024-03-05T16:20:27 IST" duration-ms="1167" status="PASS">
          <reporter-output>
          </reporter-output>
        </test-method> <!-- launch -->
        <test-method signature="homepagehighlights()[pri:2, instance:com.apollo2.apollo2_Homepage.RandD_link@36916eb0]" started-at="2024-03-05T16:20:27 IST" name="homepagehighlights" finished-at="2024-03-05T16:20:30 IST" duration-ms="3253" status="PASS">
          <reporter-output>
          </reporter-output>
        </test-method> <!-- homepagehighlights -->
        <test-method signature="patents_link1()[pri:3, instance:com.apollo2.apollo2_Homepage.RandD_link@36916eb0]" started-at="2024-03-05T16:20:30 IST" name="patents_link1" finished-at="2024-03-05T16:20:35 IST" duration-ms="4989" status="PASS">
          <reporter-output>
          </reporter-output>
        </test-method> <!-- patents_link1 -->
        <test-method signature="publications_link1()[pri:4, instance:com.apollo2.apollo2_Homepage.RandD_link@36916eb0]" started-at="2024-03-05T16:20:35 IST" name="publications_link1" finished-at="2024-03-05T16:20:42 IST" duration-ms="6268" status="PASS">
          <reporter-output>
          </reporter-output>
        </test-method> <!-- publications_link1 -->
        <test-method signature="publications_link2()[pri:5, instance:com.apollo2.apollo2_Homepage.RandD_link@36916eb0]" started-at="2024-03-05T16:20:42 IST" name="publications_link2" finished-at="2024-03-05T16:20:48 IST" duration-ms="6248" status="PASS">
          <reporter-output>
          </reporter-output>
        </test-method> <!-- publications_link2 -->
        <test-method signature="publications_link3()[pri:6, instance:com.apollo2.apollo2_Homepage.RandD_link@36916eb0]" started-at="2024-03-05T16:20:48 IST" name="publications_link3" finished-at="2024-03-05T16:20:54 IST" duration-ms="6230" status="PASS">
          <reporter-output>
          </reporter-output>
        </test-method> <!-- publications_link3 -->
        <test-method signature="publications_link4()[pri:7, instance:com.apollo2.apollo2_Homepage.RandD_link@36916eb0]" started-at="2024-03-05T16:20:54 IST" name="publications_link4" finished-at="2024-03-05T16:23:46 IST" duration-ms="171805" status="PASS">
          <reporter-output>
          </reporter-output>
        </test-method> <!-- publications_link4 -->
        <test-method signature="publications_link5()[pri:8, instance:com.apollo2.apollo2_Homepage.RandD_link@36916eb0]" started-at="2024-03-05T16:23:46 IST" name="publications_link5" finished-at="2024-03-05T16:23:53 IST" duration-ms="6460" status="PASS">
          <reporter-output>
          </reporter-output>
        </test-method> <!-- publications_link5 -->
        <test-method signature="publications_link6()[pri:9, instance:com.apollo2.apollo2_Homepage.RandD_link@36916eb0]" started-at="2024-03-05T16:23:53 IST" name="publications_link6" finished-at="2024-03-05T16:23:59 IST" duration-ms="6247" status="PASS">
          <reporter-output>
          </reporter-output>
        </test-method> <!-- publications_link6 -->
        <test-method signature="publications_link7()[pri:10, instance:com.apollo2.apollo2_Homepage.RandD_link@36916eb0]" started-at="2024-03-05T16:23:59 IST" name="publications_link7" finished-at="2024-03-05T16:24:05 IST" duration-ms="6268" status="PASS">
          <reporter-output>
          </reporter-output>
        </test-method> <!-- publications_link7 -->
        <test-method is-config="true" signature="close()[pri:0, instance:com.apollo2.apollo2_Homepage.RandD_link@36916eb0]" started-at="2024-03-05T16:24:05 IST" name="close" finished-at="2024-03-05T16:24:05 IST" duration-ms="146" status="PASS">
          <reporter-output>
          </reporter-output>
        </test-method> <!-- close -->
      </class> <!-- com.apollo2.apollo2_Homepage.RandD_link -->
    </test> <!-- Default test -->
  </suite> <!-- Default suite -->
</testng-results>
